<?xml version="1.0"?><coverage lines-covered="519" lines-valid="660" line-rate="0.7863636363636364" branches-covered="0" branches-valid="0" branch-rate="0" complexity="0" version="1.9" timestamp="1753178220"><sources><source>/Users/ianrumac/Workspace/experiments/cel-android</source></sources><packages><package name="" line-rate="0.7863636363636364" branch-rate="0" complexity="0"><classes></classes></package><package name="tests" line-rate="0" branch-rate="0" complexity="0"><classes></classes></package><package name="wasm/src" line-rate="0" branch-rate="0" complexity="0"><classes></classes></package><package name="examples/browser/node_modules/@superwall/superscript/src" line-rate="0" branch-rate="0" complexity="0"><classes></classes></package><package name="src" line-rate="0.7863636363636364" branch-rate="0" complexity="0"><classes><class name="ast" filename="src/ast.rs" line-rate="0.9855072463768116" branch-rate="0" complexity="0"><methods/><lines><line number="94" hits="11"/><line number="95" hits="11"/><line number="96" hits="1"/><line number="97" hits="1"/><line number="98" hits="3"/><line number="99" hits="1"/><line number="100" hits="2"/><line number="101" hits="1"/><line number="102" hits="2"/><line number="108" hits="6"/><line number="109" hits="6"/><line number="110" hits="2"/><line number="111" hits="1"/><line number="112" hits="1"/><line number="113" hits="1"/><line number="114" hits="1"/><line number="120" hits="4"/><line number="121" hits="4"/><line number="122" hits="1"/><line number="123" hits="1"/><line number="124" hits="1"/><line number="125" hits="1"/><line number="131" hits="45"/><line number="132" hits="45"/><line number="134" hits="1"/><line number="135" hits="1"/><line number="136" hits="1"/><line number="139" hits="4"/><line number="140" hits="4"/><line number="141" hits="4"/><line number="144" hits="1"/><line number="145" hits="1"/><line number="146" hits="1"/><line number="148" hits="1"/><line number="149" hits="1"/><line number="151" hits="2"/><line number="152" hits="2"/><line number="154" hits="0"/><line number="155" hits="0"/><line number="157" hits="3"/><line number="158" hits="3"/><line number="161" hits="3"/><line number="162" hits="7"/><line number="163" hits="8"/><line number="165" hits="2"/><line number="166" hits="10"/><line number="169" hits="1"/><line number="170" hits="1"/><line number="171" hits="4"/><line number="172" hits="1"/><line number="174" hits="21"/><line number="175" hits="6"/><line number="181" hits="6"/><line number="182" hits="6"/><line number="183" hits="4"/><line number="184" hits="1"/><line number="186" hits="1"/><line number="187" hits="1"/><line number="188" hits="3"/><line number="189" hits="1"/><line number="196" hits="28"/><line number="197" hits="28"/><line number="198" hits="12"/><line number="199" hits="1"/><line number="200" hits="1"/><line number="201" hits="8"/><line number="202" hits="1"/><line number="203" hits="4"/><line number="204" hits="1"/><line number="210" hits="449"/><line number="211" hits="449"/><line number="213" hits="29"/><line number="214" hits="29"/><line number="215" hits="29"/><line number="218" hits="10"/><line number="219" hits="10"/><line number="220" hits="10"/><line number="223" hits="9"/><line number="224" hits="9"/><line number="225" hits="9"/><line number="227" hits="1"/><line number="228" hits="1"/><line number="230" hits="8"/><line number="231" hits="8"/><line number="233" hits="8"/><line number="234" hits="8"/><line number="236" hits="18"/><line number="237" hits="18"/><line number="240" hits="50"/><line number="241" hits="128"/><line number="242" hits="150"/><line number="244" hits="14"/><line number="245" hits="65"/><line number="248" hits="11"/><line number="249" hits="11"/><line number="250" hits="40"/><line number="251" hits="11"/><line number="253" hits="199"/><line number="254" hits="92"/><line number="261" hits="17"/><line number="262" hits="17"/><line number="263" hits="1"/><line number="264" hits="1"/><line number="265" hits="3"/><line number="266" hits="1"/><line number="267" hits="4"/><line number="268" hits="3"/><line number="269" hits="4"/><line number="275" hits="34"/><line number="276" hits="34"/><line number="277" hits="14"/><line number="278" hits="6"/><line number="279" hits="5"/><line number="280" hits="6"/><line number="281" hits="3"/><line number="287" hits="12"/><line number="288" hits="12"/><line number="289" hits="7"/><line number="290" hits="3"/><line number="291" hits="1"/><line number="292" hits="1"/><line number="298" hits="21"/><line number="299" hits="21"/><line number="300" hits="19"/><line number="301" hits="1"/><line number="303" hits="1"/><line number="304" hits="1"/><line number="305" hits="3"/><line number="306" hits="1"/><line number="313" hits="206"/><line number="314" hits="206"/><line number="315" hits="109"/><line number="316" hits="1"/><line number="317" hits="1"/><line number="318" hits="66"/><line number="319" hits="1"/><line number="320" hits="25"/><line number="321" hits="3"/></lines></class><class name="lib" filename="src/lib.rs" line-rate="0.7355769230769231" branch-rate="0" complexity="0"><methods/><lines><line number="67" hits="2"/><line number="68" hits="2"/><line number="69" hits="2"/><line number="72" hits="2"/><line number="73" hits="2"/><line number="74" hits="2"/><line number="92" hits="0"/><line number="93" hits="0"/><line number="102" hits="5"/><line number="103" hits="5"/><line number="104" hits="5"/><line number="107" hits="5"/><line number="108" hits="5"/><line number="109" hits="5"/><line number="115" hits="0"/><line number="116" hits="0"/><line number="127" hits="114"/><line number="128" hits="114"/><line number="129" hits="173"/><line number="131" hits="55"/><line number="132" hits="55"/><line number="134" hits="55"/><line number="135" hits="0"/><line number="138" hits="55"/><line number="139" hits="55"/><line number="145" hits="59"/><line number="147" hits="59"/><line number="148" hits="59"/><line number="149" hits="59"/><line number="150" hits="59"/><line number="153" hits="59"/><line number="154" hits="59"/><line number="155" hits="59"/><line number="156" hits="59"/><line number="157" hits="59"/><line number="159" hits="118"/><line number="160" hits="0"/><line number="162" hits="0"/><line number="172" hits="92"/><line number="173" hits="276"/><line number="174" hits="184"/><line number="175" hits="92"/><line number="193" hits="59"/><line number="200" hits="59"/><line number="201" hits="59"/><line number="202" hits="59"/><line number="203" hits="59"/><line number="205" hits="59"/><line number="206" hits="59"/><line number="207" hits="59"/><line number="210" hits="59"/><line number="214" hits="59"/><line number="215" hits="59"/><line number="217" hits="114"/><line number="218" hits="55"/><line number="219" hits="55"/><line number="223" hits="59"/><line number="225" hits="114"/><line number="226" hits="55"/><line number="230" hits="59"/><line number="233" hits="59"/><line number="234" hits="59"/><line number="235" hits="59"/><line number="236" hits="59"/><line number="239" hits="59"/><line number="240" hits="59"/><line number="241" hits="59"/><line number="243" hits="59"/><line number="245" hits="0"/><line number="246" hits="0"/><line number="248" hits="0"/><line number="249" hits="0"/><line number="250" hits="0"/><line number="254" hits="0"/><line number="255" hits="0"/><line number="256" hits="0"/><line number="257" hits="0"/><line number="258" hits="0"/><line number="259" hits="0"/><line number="260" hits="0"/><line number="261" hits="0"/><line number="263" hits="0"/><line number="271" hits="59"/><line number="273" hits="122"/><line number="275" hits="59"/><line number="277" hits="119"/><line number="291" hits="3"/><line number="298" hits="6"/><line number="299" hits="3"/><line number="300" hits="9"/><line number="303" hits="0"/><line number="305" hits="3"/><line number="306" hits="3"/><line number="307" hits="3"/><line number="309" hits="3"/><line number="310" hits="3"/><line number="313" hits="6"/><line number="314" hits="3"/><line number="315" hits="0"/><line number="316" hits="0"/><line number="317" hits="0"/><line number="318" hits="0"/><line number="321" hits="3"/><line number="324" hits="0"/><line number="327" hits="3"/><line number="329" hits="6"/><line number="330" hits="3"/><line number="332" hits="0"/><line number="336" hits="3"/><line number="337" hits="9"/><line number="338" hits="3"/><line number="339" hits="6"/><line number="341" hits="3"/><line number="344" hits="3"/><line number="376" hits="59"/><line number="379" hits="59"/><line number="381" hits="70"/><line number="382" hits="11"/><line number="383" hits="22"/><line number="384" hits="1"/><line number="386" hits="10"/><line number="388" hits="11"/><line number="390" hits="11"/><line number="391" hits="11"/><line number="396" hits="59"/><line number="399" hits="177"/><line number="402" hits="0"/><line number="406" hits="59"/><line number="408" hits="69"/><line number="409" hits="10"/><line number="410" hits="20"/><line number="411" hits="1"/><line number="413" hits="9"/><line number="415" hits="10"/><line number="417" hits="10"/><line number="418" hits="10"/><line number="421" hits="72"/><line number="422" hits="13"/><line number="424" hits="13"/><line number="425" hits="13"/><line number="431" hits="59"/><line number="433" hits="59"/><line number="434" hits="59"/><line number="439" hits="59"/><line number="441" hits="59"/><line number="442" hits="59"/><line number="446" hits="59"/><line number="448" hits="59"/><line number="450" hits="59"/><line number="451" hits="139"/><line number="454" hits="59"/><line number="456" hits="122"/><line number="457" hits="21"/><line number="458" hits="21"/><line number="459" hits="21"/><line number="460" hits="21"/><line number="461" hits="21"/><line number="462" hits="21"/><line number="463" hits="24"/><line number="464" hits="3"/><line number="465" hits="3"/><line number="466" hits="3"/><line number="467" hits="3"/><line number="468" hits="3"/><line number="469" hits="3"/><line number="470" hits="3"/><line number="471" hits="3"/><line number="473" hits="3"/><line number="475" hits="0"/><line number="480" hits="3"/><line number="481" hits="3"/><line number="482" hits="3"/><line number="497" hits="0"/><line number="498" hits="0"/><line number="499" hits="0"/><line number="500" hits="0"/><line number="501" hits="0"/><line number="502" hits="0"/><line number="504" hits="0"/><line number="511" hits="118"/><line number="512" hits="59"/><line number="513" hits="59"/><line number="515" hits="59"/><line number="516" hits="2"/><line number="517" hits="2"/><line number="519" hits="2"/><line number="520" hits="1"/><line number="521" hits="1"/><line number="522" hits="0"/><line number="523" hits="1"/><line number="524" hits="1"/><line number="526" hits="0"/><line number="529" hits="57"/><line number="532" hits="0"/><line number="533" hits="0"/><line number="535" hits="0"/><line number="536" hits="0"/><line number="537" hits="0"/><line number="538" hits="0"/><line number="539" hits="0"/><line number="540" hits="0"/><line number="542" hits="0"/><line number="544" hits="0"/><line number="547" hits="0"/><line number="552" hits="59"/><line number="553" hits="0"/><line number="567" hits="123"/><line number="568" hits="123"/><line number="569" hits="63"/><line number="570" hits="126"/><line number="571" hits="68"/><line number="572" hits="60"/><line number="573" hits="56"/><line number="577" hits="20"/><line number="578" hits="20"/><line number="579" hits="83"/><line number="580" hits="21"/><line number="582" hits="20"/><line number="584" hits="1"/><line number="585" hits="1"/><line number="586" hits="1"/><line number="588" hits="39"/><line number="603" hits="40"/><line number="604" hits="40"/><line number="605" hits="15"/><line number="606" hits="15"/><line number="607" hits="17"/><line number="608" hits="15"/><line number="609" hits="11"/><line number="612" hits="25"/><line number="619" hits="11"/><line number="620" hits="11"/><line number="621" hits="11"/><line number="622" hits="11"/><line number="623" hits="2"/><line number="624" hits="9"/><line number="626" hits="9"/><line number="627" hits="1"/><line number="628" hits="8"/><line number="630" hits="8"/><line number="631" hits="3"/><line number="632" hits="3"/><line number="633" hits="1"/><line number="634" hits="1"/><line number="635" hits="1"/><line number="637" hits="0"/><line number="638" hits="0"/><line number="639" hits="0"/><line number="642" hits="2"/><line number="644" hits="5"/><line number="646" hits="5"/><line number="648" hits="0"/><line number="655" hits="56"/><line number="656" hits="56"/><line number="657" hits="56"/><line number="658" hits="56"/><line number="659" hits="14"/><line number="660" hits="42"/><line number="662" hits="42"/><line number="663" hits="2"/><line number="664" hits="40"/><line number="666" hits="40"/><line number="667" hits="27"/><line number="668" hits="27"/><line number="669" hits="18"/><line number="670" hits="18"/><line number="671" hits="16"/><line number="673" hits="2"/><line number="674" hits="2"/><line number="675" hits="0"/><line number="678" hits="11"/><line number="681" hits="13"/><line number="683" hits="13"/><line number="685" hits="0"/><line number="693" hits="59"/><line number="699" hits="59"/><line number="707" hits="172"/><line number="716" hits="172"/><line number="717" hits="21"/><line number="719" hits="21"/><line number="721" hits="0"/><line number="722" hits="0"/><line number="724" hits="0"/><line number="728" hits="21"/><line number="729" hits="21"/><line number="734" hits="21"/><line number="735" hits="21"/><line number="736" hits="21"/><line number="737" hits="21"/><line number="738" hits="21"/><line number="744" hits="21"/><line number="745" hits="21"/><line number="746" hits="21"/><line number="750" hits="15"/><line number="752" hits="30"/><line number="753" hits="30"/><line number="754" hits="0"/><line number="758" hits="30"/><line number="759" hits="0"/><line number="760" hits="0"/><line number="761" hits="0"/><line number="763" hits="0"/><line number="764" hits="0"/><line number="765" hits="0"/><line number="766" hits="0"/><line number="768" hits="0"/><line number="769" hits="0"/><line number="770" hits="0"/><line number="771" hits="0"/><line number="773" hits="0"/><line number="776" hits="0"/><line number="780" hits="15"/><line number="787" hits="13"/><line number="788" hits="13"/><line number="789" hits="13"/><line number="794" hits="6"/><line number="795" hits="6"/><line number="796" hits="6"/><line number="797" hits="12"/><line number="798" hits="6"/><line number="799" hits="6"/><line number="800" hits="6"/><line number="810" hits="0"/><line number="811" hits="0"/><line number="812" hits="0"/><line number="816" hits="0"/><line number="817" hits="0"/><line number="818" hits="0"/><line number="823" hits="0"/><line number="824" hits="0"/><line number="825" hits="0"/><line number="828" hits="0"/><line number="831" hits="0"/><line number="834" hits="15"/><line number="837" hits="0"/><line number="840" hits="0"/><line number="841" hits="0"/><line number="843" hits="0"/><line number="844" hits="0"/><line number="846" hits="0"/><line number="847" hits="0"/><line number="851" hits="23"/><line number="854" hits="23"/><line number="855" hits="23"/><line number="857" hits="23"/><line number="858" hits="23"/><line number="859" hits="23"/><line number="863" hits="2"/><line number="866" hits="2"/><line number="867" hits="2"/><line number="869" hits="2"/><line number="870" hits="2"/><line number="871" hits="2"/><line number="875" hits="0"/><line number="878" hits="0"/><line number="879" hits="0"/><line number="880" hits="0"/><line number="884" hits="0"/><line number="886" hits="0"/><line number="888" hits="0"/><line number="890" hits="0"/><line number="893" hits="3"/><line number="894" hits="3"/><line number="896" hits="3"/><line number="897" hits="3"/><line number="901" hits="1"/><line number="902" hits="1"/><line number="904" hits="1"/><line number="905" hits="1"/><line number="908" hits="0"/><line number="909" hits="0"/><line number="911" hits="0"/><line number="913" hits="0"/><line number="914" hits="0"/><line number="918" hits="0"/><line number="920" hits="30"/><line number="922" hits="30"/><line number="924" hits="77"/><line number="935" hits="58"/><line number="936" hits="58"/><line number="937" hits="8"/><line number="938" hits="4"/><line number="939" hits="22"/><line number="941" hits="2"/><line number="943" hits="2"/><line number="945" hits="4"/><line number="946" hits="0"/><line number="947" hits="0"/><line number="948" hits="4"/><line number="949" hits="2"/><line number="950" hits="6"/><line number="951" hits="6"/><line number="952" hits="6"/><line number="954" hits="18"/><line number="955" hits="12"/><line number="956" hits="12"/><line number="957" hits="12"/><line number="960" hits="6"/><line number="961" hits="6"/><line number="963" hits="4"/><line number="964" hits="4"/><line number="966" hits="4"/><line number="967" hits="16"/><line number="968" hits="12"/><line number="969" hits="12"/><line number="979" hits="4"/><line number="980" hits="4"/><line number="987" hits="3"/><line number="988" hits="3"/><line number="989" hits="3"/><line number="990" hits="3"/><line number="1010" hits="3"/><line number="1011" hits="3"/><line number="1012" hits="6"/><line number="1015" hits="0"/><line number="1016" hits="0"/></lines></class><class name="models" filename="src/models.rs" line-rate="0.71875" branch-rate="0" complexity="0"><methods/><lines><line number="23" hits="59"/><line number="55" hits="46"/><line number="56" hits="46"/><line number="57" hits="2"/><line number="58" hits="2"/><line number="59" hits="5"/><line number="60" hits="9"/><line number="62" hits="7"/><line number="63" hits="2"/><line number="64" hits="2"/><line number="65" hits="3"/><line number="66" hits="4"/><line number="67" hits="4"/><line number="68" hits="2"/><line number="69" hits="4"/><line number="71" hits="3"/><line number="74" hits="7"/><line number="76" hits="1"/><line number="77" hits="0"/><line number="80" hits="0"/><line number="82" hits="1"/><line number="83" hits="0"/><line number="84" hits="0"/><line number="85" hits="4"/><line number="91" hits="7"/><line number="92" hits="7"/><line number="93" hits="1"/><line number="94" hits="3"/><line number="97" hits="1"/><line number="98" hits="1"/><line number="99" hits="3"/><line number="100" hits="1"/><line number="102" hits="1"/><line number="103" hits="0"/><line number="104" hits="1"/><line number="106" hits="2"/><line number="107" hits="0"/><line number="108" hits="0"/><line number="109" hits="1"/><line number="110" hits="1"/><line number="111" hits="0"/><line number="112" hits="0"/><line number="113" hits="0"/><line number="119" hits="150"/><line number="120" hits="150"/><line number="121" hits="20"/><line number="122" hits="42"/><line number="125" hits="18"/><line number="126" hits="18"/><line number="128" hits="53"/><line number="130" hits="18"/><line number="131" hits="18"/><line number="134" hits="21"/><line number="135" hits="61"/><line number="136" hits="61"/><line number="138" hits="30"/><line number="139" hits="12"/><line number="140" hits="7"/><line number="141" hits="30"/><line number="142" hits="0"/><line number="143" hits="11"/><line number="144" hits="0"/><line number="145" hits="1"/><line number="150" hits="1"/><line number="151" hits="1"/><line number="152" hits="1"/><line number="153" hits="0"/><line number="154" hits="0"/><line number="155" hits="0"/><line number="159" hits="65"/><line number="160" hits="65"/><line number="161" hits="0"/><line number="162" hits="0"/><line number="164" hits="0"/><line number="168" hits="1"/><line number="169" hits="1"/><line number="170" hits="1"/><line number="172" hits="2"/><line number="174" hits="1"/><line number="175" hits="1"/><line number="179" hits="1"/><line number="181" hits="0"/><line number="182" hits="0"/><line number="183" hits="0"/><line number="184" hits="0"/><line number="185" hits="0"/><line number="187" hits="0"/><line number="189" hits="20"/><line number="190" hits="1"/><line number="191" hits="3"/><line number="192" hits="15"/><line number="193" hits="0"/><line number="194" hits="21"/><line number="195" hits="0"/><line number="196" hits="0"/><line number="197" hits="4"/></lines></class><class name="utility_functions" filename="src/utility_functions.rs" line-rate="0.8" branch-rate="0" complexity="0"><methods/><lines><line number="14" hits="4"/><line number="15" hits="4"/><line number="17" hits="3"/><line number="18" hits="3"/><line number="20" hits="3"/><line number="21" hits="3"/><line number="24" hits="4"/><line number="25" hits="4"/><line number="31" hits="0"/><line number="37" hits="0"/></lines></class></classes></package></packages></coverage>