TN:
SF:/Users/ianrumac/Workspace/experiments/cel-android/src/ast.rs
FN:94,<impl From for RelationOp>::from
FN:108,<impl From for ArithmeticOp>::from
FN:120,<impl From for UnaryOp>::from
FN:131,<impl From for Expression>::from
FN:181,<impl From for Member>::from
FN:196,<impl From for Atom>::from
FN:210,<impl From for JSONExpression>::from
FN:261,<impl From for JSONRelationOp>::from
FN:275,<impl From for JSONArithmeticOp>::from
FN:287,<impl From for JSONUnaryOp>::from
FN:298,<impl From for JSONMember>::from
FN:313,<impl From for JSONAtom>::from
FNF:12
FNDA:11,<impl From for RelationOp>::from
FNDA:6,<impl From for ArithmeticOp>::from
FNDA:4,<impl From for UnaryOp>::from
FNDA:45,<impl From for Expression>::from
FNDA:6,<impl From for Member>::from
FNDA:28,<impl From for Atom>::from
FNDA:62,<impl From for JSONExpression>::from
FNDA:13,<impl From for JSONRelationOp>::from
FNDA:7,<impl From for JSONArithmeticOp>::from
FNDA:4,<impl From for JSONUnaryOp>::from
FNDA:9,<impl From for JSONMember>::from
FNDA:32,<impl From for JSONAtom>::from
DA:94,11
DA:95,11
DA:96,1
DA:97,1
DA:98,3
DA:99,1
DA:100,2
DA:101,1
DA:102,2
DA:108,6
DA:109,6
DA:110,2
DA:111,1
DA:112,1
DA:113,1
DA:114,1
DA:120,4
DA:121,4
DA:122,1
DA:123,1
DA:124,1
DA:125,1
DA:131,45
DA:132,45
DA:134,1
DA:135,1
DA:136,1
DA:139,4
DA:140,4
DA:141,4
DA:144,1
DA:145,1
DA:146,1
DA:148,1
DA:149,1
DA:151,2
DA:152,2
DA:154,0
DA:155,0
DA:157,3
DA:158,3
DA:161,3
DA:162,7
DA:163,8
DA:165,2
DA:166,10
DA:169,1
DA:170,1
DA:171,4
DA:172,1
DA:174,21
DA:175,6
DA:181,6
DA:182,6
DA:183,4
DA:184,1
DA:186,1
DA:187,1
DA:188,3
DA:189,1
DA:196,28
DA:197,28
DA:198,12
DA:199,1
DA:200,1
DA:201,8
DA:202,1
DA:203,4
DA:204,1
DA:210,62
DA:211,62
DA:213,2
DA:214,2
DA:215,2
DA:218,6
DA:219,6
DA:220,6
DA:223,1
DA:224,1
DA:225,1
DA:227,1
DA:228,1
DA:230,3
DA:231,3
DA:233,0
DA:234,0
DA:236,6
DA:237,6
DA:240,4
DA:241,10
DA:242,11
DA:244,2
DA:245,10
DA:248,1
DA:249,1
DA:250,4
DA:251,1
DA:253,25
DA:254,11
DA:261,13
DA:262,13
DA:263,1
DA:264,1
DA:265,3
DA:266,1
DA:267,4
DA:268,1
DA:269,2
DA:275,7
DA:276,7
DA:277,3
DA:278,1
DA:279,1
DA:280,1
DA:281,1
DA:287,4
DA:288,4
DA:289,1
DA:290,1
DA:291,1
DA:292,1
DA:298,9
DA:299,9
DA:300,7
DA:301,1
DA:303,1
DA:304,1
DA:305,3
DA:306,1
DA:313,32
DA:314,32
DA:315,15
DA:316,1
DA:317,1
DA:318,9
DA:319,1
DA:320,4
DA:321,1
LF:138
LH:134
end_of_record
TN:
SF:/Users/ianrumac/Workspace/experiments/cel-android/src/lib.rs
FN:67,evaluate_ast_with_context
FN:102,evaluate_ast
FN:127,evaluate_with_context
FN:172,parse_to_ast
FN:193,execute_with
FNF:5
FNDA:1,evaluate_ast_with_context
FNDA:1,evaluate_ast
FNDA:38,evaluate_with_context
FNDA:3,parse_to_ast
FNDA:37,execute_with
DA:67,1
DA:68,1
DA:69,1
DA:72,1
DA:73,1
DA:74,1
DA:92,0
DA:93,0
DA:102,1
DA:103,1
DA:104,1
DA:107,1
DA:108,1
DA:109,1
DA:115,0
DA:116,0
DA:127,38
DA:128,38
DA:129,75
DA:131,1
DA:132,1
DA:134,1
DA:135,0
DA:138,1
DA:139,1
DA:145,37
DA:147,37
DA:148,37
DA:149,37
DA:150,37
DA:153,37
DA:154,37
DA:155,37
DA:156,37
DA:157,37
DA:159,74
DA:160,0
DA:162,0
DA:172,3
DA:173,9
DA:174,6
DA:175,3
DA:193,37
DA:200,37
DA:201,37
DA:202,37
DA:203,37
DA:205,37
DA:206,37
DA:207,37
DA:210,37
DA:214,37
DA:215,37
DA:217,71
DA:218,34
DA:219,34
DA:223,37
DA:225,71
DA:226,34
DA:230,37
DA:233,37
DA:234,37
DA:235,37
DA:236,37
DA:238,37
DA:239,37
DA:240,37
DA:242,37
DA:243,37
DA:244,37
DA:246,37
DA:248,0
DA:249,0
DA:251,0
DA:252,0
DA:253,0
DA:257,0
DA:258,0
DA:259,0
DA:260,0
DA:261,0
DA:262,0
DA:263,0
DA:264,0
DA:266,0
DA:274,37
DA:276,78
DA:278,37
DA:280,75
DA:294,3
DA:301,6
DA:302,3
DA:303,9
DA:306,0
DA:308,3
DA:309,3
DA:310,3
DA:312,3
DA:313,3
DA:316,6
DA:317,3
DA:318,0
DA:319,0
DA:320,0
DA:321,0
DA:324,3
DA:327,0
DA:330,3
DA:332,6
DA:333,3
DA:335,0
DA:339,3
DA:340,9
DA:341,3
DA:342,6
DA:344,3
DA:347,3
DA:379,37
DA:382,37
DA:384,48
DA:385,11
DA:386,22
DA:387,1
DA:389,10
DA:391,11
DA:393,11
DA:394,11
DA:399,37
DA:402,111
DA:405,0
DA:409,37
DA:411,47
DA:412,10
DA:413,20
DA:414,1
DA:416,9
DA:418,10
DA:420,10
DA:421,10
DA:424,50
DA:425,13
DA:427,13
DA:428,13
DA:434,37
DA:436,37
DA:437,37
DA:442,37
DA:444,37
DA:445,37
DA:449,37
DA:451,37
DA:453,37
DA:454,95
DA:457,37
DA:459,100
DA:460,21
DA:461,21
DA:462,21
DA:463,21
DA:464,21
DA:465,21
DA:466,24
DA:467,3
DA:468,3
DA:469,3
DA:470,3
DA:471,3
DA:472,3
DA:473,3
DA:474,3
DA:476,3
DA:478,0
DA:483,3
DA:484,3
DA:485,3
DA:500,0
DA:501,0
DA:502,0
DA:503,0
DA:504,0
DA:505,0
DA:507,0
DA:514,74
DA:515,37
DA:516,37
DA:518,37
DA:519,1
DA:520,1
DA:522,1
DA:523,0
DA:524,1
DA:525,0
DA:526,1
DA:527,1
DA:529,0
DA:532,36
DA:535,0
DA:536,0
DA:538,0
DA:539,0
DA:540,0
DA:541,0
DA:542,0
DA:543,0
DA:545,0
DA:547,0
DA:550,0
DA:555,37
DA:556,0
DA:570,83
DA:571,83
DA:572,31
DA:573,62
DA:574,35
DA:575,29
DA:576,25
DA:580,19
DA:581,19
DA:582,76
DA:583,19
DA:585,19
DA:587,1
DA:588,1
DA:589,1
DA:591,32
DA:606,30
DA:607,30
DA:608,8
DA:609,8
DA:610,9
DA:611,8
DA:612,6
DA:615,22
DA:622,6
DA:623,6
DA:624,6
DA:625,6
DA:626,1
DA:627,5
DA:629,5
DA:630,0
DA:631,5
DA:633,5
DA:634,1
DA:635,1
DA:636,0
DA:637,0
DA:638,0
DA:640,0
DA:641,0
DA:642,0
DA:645,1
DA:647,4
DA:649,4
DA:651,0
DA:658,25
DA:659,25
DA:660,25
DA:661,25
DA:662,4
DA:663,21
DA:665,21
DA:666,1
DA:667,20
DA:669,20
DA:670,11
DA:671,11
DA:672,7
DA:673,7
DA:674,6
DA:676,1
DA:677,1
DA:678,0
DA:681,5
DA:684,9
DA:686,9
DA:688,0
DA:696,37
DA:702,37
DA:710,150
DA:719,150
DA:720,21
DA:722,21
DA:724,0
DA:725,0
DA:727,0
DA:731,21
DA:732,21
DA:737,21
DA:738,21
DA:739,21
DA:740,21
DA:741,21
DA:747,21
DA:748,21
DA:749,21
DA:753,15
DA:755,30
DA:756,30
DA:757,0
DA:761,30
DA:762,0
DA:763,0
DA:764,0
DA:766,0
DA:767,0
DA:768,0
DA:769,0
DA:771,0
DA:772,0
DA:773,0
DA:774,0
DA:776,0
DA:779,0
DA:783,15
DA:790,13
DA:791,13
DA:792,13
DA:797,6
DA:798,6
DA:799,6
DA:800,12
DA:801,6
DA:802,6
DA:803,6
DA:813,0
DA:814,0
DA:815,0
DA:819,0
DA:820,0
DA:821,0
DA:826,0
DA:827,0
DA:828,0
DA:831,0
DA:834,0
DA:837,15
DA:840,0
DA:843,0
DA:844,0
DA:846,0
DA:847,0
DA:849,0
DA:850,0
DA:854,23
DA:857,23
DA:858,23
DA:860,23
DA:861,23
DA:862,23
DA:866,2
DA:869,2
DA:870,2
DA:872,2
DA:873,2
DA:874,2
DA:878,0
DA:881,0
DA:882,0
DA:883,0
DA:887,0
DA:889,0
DA:891,0
DA:893,0
DA:896,3
DA:897,3
DA:899,3
DA:900,3
DA:904,1
DA:905,1
DA:907,1
DA:908,1
DA:911,0
DA:912,0
DA:914,0
DA:916,0
DA:917,0
DA:921,0
DA:923,30
DA:925,30
DA:927,55
DA:938,0
DA:939,0
DA:940,0
DA:941,0
DA:942,0
DA:944,0
DA:946,0
DA:948,0
DA:949,0
DA:950,0
DA:951,0
DA:952,0
DA:953,0
DA:954,0
DA:955,0
DA:957,0
DA:958,0
DA:959,0
DA:960,0
DA:963,0
DA:964,0
DA:966,0
DA:967,0
DA:969,0
DA:970,0
DA:971,0
DA:972,0
DA:974,0
DA:975,0
DA:982,0
DA:983,0
DA:990,3
DA:991,3
DA:992,3
DA:993,3
DA:1013,3
DA:1014,3
DA:1015,6
DA:1018,0
DA:1019,0
LF:421
LH:277
end_of_record
TN:
SF:/Users/ianrumac/Workspace/experiments/cel-android/src/models.rs
FN:23,PassableMap::new
FN:55,<impl PartialEq for PassableValue>::eq
FN:91,<impl Display for PassableValue>::fmt
FN:119,PassableValue::to_cel
FN:150,key_to_string
FN:159,DisplayableValue::to_passable
FNF:6
FNDA:37,PassableMap::new
FNDA:15,<impl PartialEq for PassableValue>::eq
FNDA:8,<impl Display for PassableValue>::fmt
FNDA:129,PassableValue::to_cel
FNDA:1,key_to_string
FNDA:43,DisplayableValue::to_passable
DA:23,37
DA:55,15
DA:56,15
DA:57,0
DA:58,0
DA:59,3
DA:60,5
DA:62,2
DA:63,0
DA:64,0
DA:65,1
DA:66,2
DA:67,1
DA:68,0
DA:69,2
DA:71,2
DA:74,5
DA:76,1
DA:77,0
DA:80,0
DA:82,1
DA:83,0
DA:84,0
DA:85,0
DA:91,8
DA:92,8
DA:93,1
DA:94,3
DA:97,1
DA:98,1
DA:99,3
DA:100,1
DA:102,1
DA:103,0
DA:104,1
DA:106,2
DA:107,0
DA:108,0
DA:109,1
DA:110,1
DA:111,0
DA:112,0
DA:113,1
DA:119,129
DA:120,129
DA:121,20
DA:122,42
DA:125,18
DA:126,18
DA:128,53
DA:130,18
DA:131,18
DA:134,21
DA:135,61
DA:136,61
DA:138,15
DA:139,11
DA:140,5
DA:141,28
DA:142,0
DA:143,10
DA:144,0
DA:145,1
DA:150,1
DA:151,1
DA:152,1
DA:153,0
DA:154,0
DA:155,0
DA:159,43
DA:160,43
DA:161,0
DA:162,0
DA:164,0
DA:168,1
DA:169,1
DA:170,1
DA:172,2
DA:174,1
DA:175,1
DA:179,1
DA:181,0
DA:182,0
DA:183,0
DA:184,0
DA:185,0
DA:187,0
DA:189,7
DA:190,1
DA:191,2
DA:192,7
DA:193,0
DA:194,22
DA:195,0
DA:196,0
DA:197,3
LF:96
LH:64
end_of_record
TN:
SF:/Users/ianrumac/Workspace/experiments/cel-android/src/utility_functions.rs
FN:14,to_string_i
FN:17,to_string_u
FN:20,to_string_f
FN:24,to_string_b
FN:28,to_bool
FN:34,to_int
FN:38,to_float
FN:46,maybe
FNF:8
FNDA:1,to_string_i
FNDA:0,to_string_u
FNDA:1,to_string_f
FNDA:1,to_string_b
FNDA:1,to_bool
FNDA:1,to_int
FNDA:1,to_float
FNDA:0,maybe
DA:14,1
DA:15,1
DA:17,0
DA:18,0
DA:20,1
DA:21,1
DA:24,1
DA:25,1
DA:28,1
DA:29,1
DA:30,1
DA:31,1
DA:34,1
DA:35,1
DA:38,1
DA:39,1
DA:46,0
DA:52,0
LF:18
LH:14
end_of_record
